2025/05/09 02:30:36 [notice] 1#1: using the "epoll" event method
2025/05/09 02:30:36 [notice] 1#1: nginx/1.27.5
2025/05/09 02:30:36 [notice] 1#1: built by gcc 12.2.0 (Debian 12.2.0-14) 
2025/05/09 02:30:36 [notice] 1#1: OS: Linux 6.12.5-linuxkit
2025/05/09 02:30:36 [notice] 1#1: getrlimit(RLIMIT_NOFILE): 1048576:1048576
2025/05/09 02:30:36 [notice] 1#1: start worker processes
2025/05/09 02:30:36 [notice] 1#1: start worker process 28
2025/05/09 02:30:36 [notice] 1#1: start worker process 29
2025/05/09 02:30:36 [notice] 1#1: start worker process 30
2025/05/09 02:30:36 [notice] 1#1: start worker process 31
2025/05/09 02:30:36 [notice] 1#1: start worker process 32
2025/05/09 02:30:36 [notice] 1#1: start worker process 33
2025/05/09 02:30:36 [notice] 1#1: start worker process 34
2025/05/09 02:30:36 [notice] 1#1: start worker process 35
2025/05/09 02:30:36 [notice] 1#1: start worker process 36
2025/05/09 02:30:36 [notice] 1#1: start worker process 37
2025/05/09 02:30:36 [notice] 1#1: start worker process 38
2025/05/09 02:30:36 [notice] 1#1: start worker process 39
2025/05/09 02:58:02 [notice] 1#1: signal 3 (SIGQUIT) received, shutting down
2025/05/09 02:58:02 [notice] 28#28: gracefully shutting down
2025/05/09 02:58:02 [notice] 28#28: exiting
2025/05/09 02:58:02 [notice] 29#29: gracefully shutting down
2025/05/09 02:58:02 [notice] 29#29: exiting
2025/05/09 02:58:02 [notice] 32#32: gracefully shutting down
2025/05/09 02:58:02 [notice] 32#32: exiting
2025/05/09 02:58:02 [notice] 31#31: gracefully shutting down
2025/05/09 02:58:02 [notice] 31#31: exiting
2025/05/09 02:58:02 [notice] 30#30: gracefully shutting down
2025/05/09 02:58:02 [notice] 30#30: exiting
2025/05/09 02:58:02 [notice] 33#33: gracefully shutting down
2025/05/09 02:58:02 [notice] 33#33: exiting
2025/05/09 02:58:02 [notice] 34#34: gracefully shutting down
2025/05/09 02:58:02 [notice] 34#34: exiting
2025/05/09 02:58:02 [notice] 36#36: gracefully shutting down
2025/05/09 02:58:02 [notice] 36#36: exiting
2025/05/09 02:58:02 [notice] 35#35: gracefully shutting down
2025/05/09 02:58:02 [notice] 35#35: exiting
2025/05/09 02:58:02 [notice] 37#37: gracefully shutting down
2025/05/09 02:58:02 [notice] 37#37: exiting
2025/05/09 02:58:02 [notice] 38#38: gracefully shutting down
2025/05/09 02:58:02 [notice] 38#38: exiting
2025/05/09 02:58:02 [notice] 39#39: gracefully shutting down
2025/05/09 02:58:02 [notice] 39#39: exiting
2025/05/09 02:58:02 [notice] 28#28: exit
2025/05/09 02:58:02 [notice] 29#29: exit
2025/05/09 02:58:02 [notice] 32#32: exit
2025/05/09 02:58:02 [notice] 31#31: exit
2025/05/09 02:58:02 [notice] 30#30: exit
2025/05/09 02:58:02 [notice] 33#33: exit
2025/05/09 02:58:02 [notice] 34#34: exit
2025/05/09 02:58:02 [notice] 36#36: exit
2025/05/09 02:58:02 [notice] 35#35: exit
2025/05/09 02:58:02 [notice] 37#37: exit
2025/05/09 02:58:02 [notice] 38#38: exit
2025/05/09 02:58:02 [notice] 39#39: exit
2025/05/09 02:58:02 [notice] 1#1: signal 17 (SIGCHLD) received from 36
2025/05/09 02:58:02 [notice] 1#1: worker process 28 exited with code 0
2025/05/09 02:58:02 [notice] 1#1: worker process 32 exited with code 0
2025/05/09 02:58:02 [notice] 1#1: worker process 35 exited with code 0
2025/05/09 02:58:02 [notice] 1#1: worker process 36 exited with code 0
2025/05/09 02:58:02 [notice] 1#1: worker process 37 exited with code 0
2025/05/09 02:58:02 [notice] 1#1: signal 29 (SIGIO) received
2025/05/09 02:58:02 [notice] 1#1: signal 17 (SIGCHLD) received from 35
2025/05/09 02:58:02 [notice] 1#1: signal 17 (SIGCHLD) received from 29
2025/05/09 02:58:02 [notice] 1#1: worker process 29 exited with code 0
2025/05/09 02:58:02 [notice] 1#1: worker process 33 exited with code 0
2025/05/09 02:58:02 [notice] 1#1: signal 29 (SIGIO) received
2025/05/09 02:58:02 [notice] 1#1: signal 17 (SIGCHLD) received from 34
2025/05/09 02:58:02 [notice] 1#1: worker process 31 exited with code 0
2025/05/09 02:58:02 [notice] 1#1: worker process 34 exited with code 0
2025/05/09 02:58:02 [notice] 1#1: signal 29 (SIGIO) received
2025/05/09 02:58:02 [notice] 1#1: signal 17 (SIGCHLD) received from 38
2025/05/09 02:58:02 [notice] 1#1: worker process 30 exited with code 0
2025/05/09 02:58:02 [notice] 1#1: worker process 38 exited with code 0
2025/05/09 02:58:02 [notice] 1#1: worker process 39 exited with code 0
2025/05/09 02:58:02 [notice] 1#1: exit
2025/05/09 02:58:08 [notice] 1#1: using the "epoll" event method
2025/05/09 02:58:08 [notice] 1#1: nginx/1.27.5
2025/05/09 02:58:08 [notice] 1#1: built by gcc 12.2.0 (Debian 12.2.0-14) 
2025/05/09 02:58:08 [notice] 1#1: OS: Linux 6.12.5-linuxkit
2025/05/09 02:58:08 [notice] 1#1: getrlimit(RLIMIT_NOFILE): 1048576:1048576
2025/05/09 02:58:08 [notice] 1#1: start worker processes
2025/05/09 02:58:08 [notice] 1#1: start worker process 28
2025/05/09 02:58:08 [notice] 1#1: start worker process 29
2025/05/09 02:58:08 [notice] 1#1: start worker process 30
2025/05/09 02:58:08 [notice] 1#1: start worker process 31
2025/05/09 02:58:08 [notice] 1#1: start worker process 32
2025/05/09 02:58:08 [notice] 1#1: start worker process 33
2025/05/09 02:58:08 [notice] 1#1: start worker process 34
2025/05/09 02:58:08 [notice] 1#1: start worker process 35
2025/05/09 02:58:08 [notice] 1#1: start worker process 36
2025/05/09 02:58:08 [notice] 1#1: start worker process 37
2025/05/09 02:58:08 [notice] 1#1: start worker process 38
2025/05/09 02:58:08 [notice] 1#1: start worker process 39
2025/05/09 03:04:29 [notice] 1#1: signal 3 (SIGQUIT) received, shutting down
2025/05/09 03:04:29 [notice] 31#31: gracefully shutting down
2025/05/09 03:04:29 [notice] 31#31: exiting
2025/05/09 03:04:29 [notice] 32#32: gracefully shutting down
2025/05/09 03:04:29 [notice] 32#32: exiting
2025/05/09 03:04:29 [notice] 28#28: gracefully shutting down
2025/05/09 03:04:29 [notice] 28#28: exiting
2025/05/09 03:04:29 [notice] 33#33: gracefully shutting down
2025/05/09 03:04:29 [notice] 30#30: gracefully shutting down
2025/05/09 03:04:29 [notice] 30#30: exiting
2025/05/09 03:04:29 [notice] 34#34: gracefully shutting down
2025/05/09 03:04:29 [notice] 34#34: exiting
2025/05/09 03:04:29 [notice] 29#29: gracefully shutting down
2025/05/09 03:04:29 [notice] 29#29: exiting
2025/05/09 03:04:29 [notice] 35#35: gracefully shutting down
2025/05/09 03:04:29 [notice] 35#35: exiting
2025/05/09 03:04:29 [notice] 36#36: gracefully shutting down
2025/05/09 03:04:29 [notice] 36#36: exiting
2025/05/09 03:04:29 [notice] 38#38: gracefully shutting down
2025/05/09 03:04:29 [notice] 38#38: exiting
2025/05/09 03:04:29 [notice] 39#39: gracefully shutting down
2025/05/09 03:04:29 [notice] 39#39: exiting
2025/05/09 03:04:29 [notice] 37#37: gracefully shutting down
2025/05/09 03:04:29 [notice] 31#31: exit
2025/05/09 03:04:29 [notice] 32#32: exit
2025/05/09 03:04:29 [notice] 28#28: exit
2025/05/09 03:04:29 [notice] 33#33: exiting
2025/05/09 03:04:29 [notice] 33#33: exit
2025/05/09 03:04:29 [notice] 30#30: exit
2025/05/09 03:04:29 [notice] 34#34: exit
2025/05/09 03:04:29 [notice] 29#29: exit
2025/05/09 03:04:29 [notice] 35#35: exit
2025/05/09 03:04:29 [notice] 36#36: exit
2025/05/09 03:04:29 [notice] 38#38: exit
2025/05/09 03:04:29 [notice] 39#39: exit
2025/05/09 03:04:29 [notice] 37#37: exiting
2025/05/09 03:04:29 [notice] 37#37: exit
2025/05/09 03:04:29 [notice] 1#1: signal 17 (SIGCHLD) received from 36
2025/05/09 03:04:29 [notice] 1#1: worker process 36 exited with code 0
2025/05/09 03:04:29 [notice] 1#1: signal 29 (SIGIO) received
2025/05/09 03:04:29 [notice] 1#1: signal 17 (SIGCHLD) received from 31
2025/05/09 03:04:29 [notice] 1#1: worker process 28 exited with code 0
2025/05/09 03:04:29 [notice] 1#1: worker process 29 exited with code 0
2025/05/09 03:04:29 [notice] 1#1: worker process 31 exited with code 0
2025/05/09 03:04:29 [notice] 1#1: worker process 32 exited with code 0
2025/05/09 03:04:29 [notice] 1#1: worker process 34 exited with code 0
2025/05/09 03:04:29 [notice] 1#1: worker process 35 exited with code 0
2025/05/09 03:04:29 [notice] 1#1: worker process 37 exited with code 0
2025/05/09 03:04:29 [notice] 1#1: signal 29 (SIGIO) received
2025/05/09 03:04:29 [notice] 1#1: signal 17 (SIGCHLD) received from 35
2025/05/09 03:04:29 [notice] 1#1: signal 17 (SIGCHLD) received from 33
2025/05/09 03:04:29 [notice] 1#1: worker process 30 exited with code 0
2025/05/09 03:04:29 [notice] 1#1: worker process 33 exited with code 0
2025/05/09 03:04:29 [notice] 1#1: worker process 38 exited with code 0
2025/05/09 03:04:29 [notice] 1#1: worker process 39 exited with code 0
2025/05/09 03:04:29 [notice] 1#1: exit
2025/05/10 01:59:30 [notice] 1#1: using the "epoll" event method
2025/05/10 01:59:30 [notice] 1#1: nginx/1.27.5
2025/05/10 01:59:30 [notice] 1#1: built by gcc 12.2.0 (Debian 12.2.0-14) 
2025/05/10 01:59:30 [notice] 1#1: OS: Linux 6.12.5-linuxkit
2025/05/10 01:59:30 [notice] 1#1: getrlimit(RLIMIT_NOFILE): 1048576:1048576
2025/05/10 01:59:30 [notice] 1#1: start worker processes
2025/05/10 01:59:30 [notice] 1#1: start worker process 28
2025/05/10 01:59:30 [notice] 1#1: start worker process 29
2025/05/10 01:59:30 [notice] 1#1: start worker process 30
2025/05/10 01:59:30 [notice] 1#1: start worker process 31
2025/05/10 01:59:30 [notice] 1#1: start worker process 32
2025/05/10 01:59:30 [notice] 1#1: start worker process 33
2025/05/10 01:59:30 [notice] 1#1: start worker process 34
2025/05/10 01:59:30 [notice] 1#1: start worker process 35
2025/05/10 01:59:30 [notice] 1#1: start worker process 36
2025/05/10 01:59:30 [notice] 1#1: start worker process 37
2025/05/10 01:59:30 [notice] 1#1: start worker process 38
2025/05/10 01:59:30 [notice] 1#1: start worker process 39
2025/05/10 02:00:05 [notice] 1#1: signal 3 (SIGQUIT) received, shutting down
2025/05/10 02:00:05 [notice] 28#28: gracefully shutting down
2025/05/10 02:00:05 [notice] 33#33: gracefully shutting down
2025/05/10 02:00:05 [notice] 29#29: gracefully shutting down
2025/05/10 02:00:05 [notice] 29#29: exiting
2025/05/10 02:00:05 [notice] 30#30: gracefully shutting down
2025/05/10 02:00:05 [notice] 30#30: exiting
2025/05/10 02:00:05 [notice] 32#32: gracefully shutting down
2025/05/10 02:00:05 [notice] 32#32: exiting
2025/05/10 02:00:05 [notice] 31#31: gracefully shutting down
2025/05/10 02:00:05 [notice] 31#31: exiting
2025/05/10 02:00:05 [notice] 35#35: gracefully shutting down
2025/05/10 02:00:05 [notice] 35#35: exiting
2025/05/10 02:00:05 [notice] 36#36: gracefully shutting down
2025/05/10 02:00:05 [notice] 36#36: exiting
2025/05/10 02:00:05 [notice] 34#34: gracefully shutting down
2025/05/10 02:00:05 [notice] 34#34: exiting
2025/05/10 02:00:05 [notice] 37#37: gracefully shutting down
2025/05/10 02:00:05 [notice] 37#37: exiting
2025/05/10 02:00:05 [notice] 28#28: exiting
2025/05/10 02:00:05 [notice] 38#38: gracefully shutting down
2025/05/10 02:00:05 [notice] 38#38: exiting
2025/05/10 02:00:05 [notice] 33#33: exiting
2025/05/10 02:00:05 [notice] 39#39: gracefully shutting down
2025/05/10 02:00:05 [notice] 39#39: exiting
2025/05/10 02:00:05 [notice] 29#29: exit
2025/05/10 02:00:05 [notice] 30#30: exit
2025/05/10 02:00:05 [notice] 32#32: exit
2025/05/10 02:00:05 [notice] 31#31: exit
2025/05/10 02:00:05 [notice] 35#35: exit
2025/05/10 02:00:05 [notice] 36#36: exit
2025/05/10 02:00:05 [notice] 34#34: exit
2025/05/10 02:00:05 [notice] 37#37: exit
2025/05/10 02:00:05 [notice] 28#28: exit
2025/05/10 02:00:05 [notice] 38#38: exit
2025/05/10 02:00:05 [notice] 33#33: exit
2025/05/10 02:00:05 [notice] 39#39: exit
2025/05/10 02:00:05 [notice] 1#1: signal 17 (SIGCHLD) received from 34
2025/05/10 02:00:05 [notice] 1#1: worker process 33 exited with code 0
2025/05/10 02:00:05 [notice] 1#1: worker process 34 exited with code 0
2025/05/10 02:00:05 [notice] 1#1: worker process 35 exited with code 0
2025/05/10 02:00:05 [notice] 1#1: worker process 36 exited with code 0
2025/05/10 02:00:05 [notice] 1#1: signal 29 (SIGIO) received
2025/05/10 02:00:05 [notice] 1#1: signal 17 (SIGCHLD) received from 35
2025/05/10 02:00:05 [notice] 1#1: signal 17 (SIGCHLD) received from 31
2025/05/10 02:00:05 [notice] 1#1: worker process 31 exited with code 0
2025/05/10 02:00:05 [notice] 1#1: worker process 38 exited with code 0
2025/05/10 02:00:05 [notice] 1#1: signal 29 (SIGIO) received
2025/05/10 02:00:05 [notice] 1#1: signal 17 (SIGCHLD) received from 38
2025/05/10 02:00:05 [notice] 1#1: signal 17 (SIGCHLD) received from 29
2025/05/10 02:00:05 [notice] 1#1: worker process 29 exited with code 0
2025/05/10 02:00:05 [notice] 1#1: worker process 30 exited with code 0
2025/05/10 02:00:05 [notice] 1#1: worker process 32 exited with code 0
2025/05/10 02:00:05 [notice] 1#1: worker process 39 exited with code 0
2025/05/10 02:00:05 [notice] 1#1: signal 29 (SIGIO) received
2025/05/10 02:00:05 [notice] 1#1: signal 17 (SIGCHLD) received from 30
2025/05/10 02:00:05 [notice] 1#1: signal 17 (SIGCHLD) received from 37
2025/05/10 02:00:05 [notice] 1#1: worker process 28 exited with code 0
2025/05/10 02:00:05 [notice] 1#1: worker process 37 exited with code 0
2025/05/10 02:00:05 [notice] 1#1: exit
2025/05/10 02:00:06 [notice] 1#1: using the "epoll" event method
2025/05/10 02:00:06 [notice] 1#1: nginx/1.27.5
2025/05/10 02:00:06 [notice] 1#1: built by gcc 12.2.0 (Debian 12.2.0-14) 
2025/05/10 02:00:06 [notice] 1#1: OS: Linux 6.12.5-linuxkit
2025/05/10 02:00:06 [notice] 1#1: getrlimit(RLIMIT_NOFILE): 1048576:1048576
2025/05/10 02:00:06 [notice] 1#1: start worker processes
2025/05/10 02:00:06 [notice] 1#1: start worker process 28
2025/05/10 02:00:06 [notice] 1#1: start worker process 29
2025/05/10 02:00:06 [notice] 1#1: start worker process 30
2025/05/10 02:00:06 [notice] 1#1: start worker process 31
2025/05/10 02:00:06 [notice] 1#1: start worker process 32
2025/05/10 02:00:06 [notice] 1#1: start worker process 33
2025/05/10 02:00:06 [notice] 1#1: start worker process 34
2025/05/10 02:00:06 [notice] 1#1: start worker process 35
2025/05/10 02:00:06 [notice] 1#1: start worker process 36
2025/05/10 02:00:06 [notice] 1#1: start worker process 37
2025/05/10 02:00:06 [notice] 1#1: start worker process 38
2025/05/10 02:00:06 [notice] 1#1: start worker process 39
2025/05/10 02:00:26 [notice] 1#1: signal 3 (SIGQUIT) received, shutting down
2025/05/10 02:00:26 [notice] 28#28: gracefully shutting down
2025/05/10 02:00:26 [notice] 34#34: gracefully shutting down
2025/05/10 02:00:26 [notice] 29#29: gracefully shutting down
2025/05/10 02:00:26 [notice] 29#29: exiting
2025/05/10 02:00:26 [notice] 30#30: gracefully shutting down
2025/05/10 02:00:26 [notice] 30#30: exiting
2025/05/10 02:00:26 [notice] 31#31: gracefully shutting down
2025/05/10 02:00:26 [notice] 31#31: exiting
2025/05/10 02:00:26 [notice] 32#32: gracefully shutting down
2025/05/10 02:00:26 [notice] 32#32: exiting
2025/05/10 02:00:26 [notice] 33#33: gracefully shutting down
2025/05/10 02:00:26 [notice] 33#33: exiting
2025/05/10 02:00:26 [notice] 35#35: gracefully shutting down
2025/05/10 02:00:26 [notice] 35#35: exiting
2025/05/10 02:00:26 [notice] 36#36: gracefully shutting down
2025/05/10 02:00:26 [notice] 36#36: exiting
2025/05/10 02:00:26 [notice] 37#37: gracefully shutting down
2025/05/10 02:00:26 [notice] 37#37: exiting
2025/05/10 02:00:26 [notice] 38#38: gracefully shutting down
2025/05/10 02:00:26 [notice] 38#38: exiting
2025/05/10 02:00:26 [notice] 39#39: gracefully shutting down
2025/05/10 02:00:26 [notice] 39#39: exiting
2025/05/10 02:00:26 [notice] 34#34: exiting
2025/05/10 02:00:26 [notice] 29#29: exit
2025/05/10 02:00:26 [notice] 30#30: exit
2025/05/10 02:00:26 [notice] 31#31: exit
2025/05/10 02:00:26 [notice] 32#32: exit
2025/05/10 02:00:26 [notice] 33#33: exit
2025/05/10 02:00:26 [notice] 35#35: exit
2025/05/10 02:00:26 [notice] 36#36: exit
2025/05/10 02:00:26 [notice] 37#37: exit
2025/05/10 02:00:26 [notice] 38#38: exit
2025/05/10 02:00:26 [notice] 39#39: exit
2025/05/10 02:00:26 [notice] 34#34: exit
2025/05/10 02:00:27 [notice] 1#1: signal 17 (SIGCHLD) received from 32
2025/05/10 02:00:27 [notice] 1#1: worker process 32 exited with code 0
2025/05/10 02:00:27 [notice] 1#1: signal 29 (SIGIO) received
2025/05/10 02:00:27 [notice] 1#1: signal 17 (SIGCHLD) received from 31
2025/05/10 02:00:27 [notice] 1#1: worker process 31 exited with code 0
2025/05/10 02:00:27 [notice] 1#1: signal 29 (SIGIO) received
2025/05/10 02:00:27 [notice] 1#1: signal 17 (SIGCHLD) received from 35
2025/05/10 02:00:27 [notice] 1#1: worker process 29 exited with code 0
2025/05/10 02:00:27 [notice] 1#1: worker process 30 exited with code 0
2025/05/10 02:00:27 [notice] 1#1: worker process 33 exited with code 0
2025/05/10 02:00:27 [notice] 1#1: worker process 35 exited with code 0
2025/05/10 02:00:27 [notice] 1#1: worker process 37 exited with code 0
2025/05/10 02:00:27 [notice] 1#1: signal 29 (SIGIO) received
2025/05/10 02:00:27 [notice] 1#1: signal 17 (SIGCHLD) received from 30
2025/05/10 02:00:27 [notice] 1#1: signal 17 (SIGCHLD) received from 36
2025/05/10 02:00:27 [notice] 1#1: worker process 36 exited with code 0
2025/05/10 02:00:27 [notice] 1#1: signal 29 (SIGIO) received
2025/05/10 02:00:27 [notice] 1#1: signal 17 (SIGCHLD) received from 39
2025/05/10 02:00:27 [notice] 1#1: worker process 34 exited with code 0
2025/05/10 02:00:27 [notice] 1#1: worker process 38 exited with code 0
2025/05/10 02:00:27 [notice] 1#1: worker process 39 exited with code 0
2025/05/10 02:00:27 [notice] 1#1: signal 29 (SIGIO) received
2025/05/10 02:01:07 [notice] 1#1: using the "epoll" event method
2025/05/10 02:01:07 [notice] 1#1: nginx/1.27.5
2025/05/10 02:01:07 [notice] 1#1: built by gcc 12.2.0 (Debian 12.2.0-14) 
2025/05/10 02:01:07 [notice] 1#1: OS: Linux 6.12.5-linuxkit
2025/05/10 02:01:07 [notice] 1#1: getrlimit(RLIMIT_NOFILE): 1048576:1048576
2025/05/10 02:01:07 [notice] 1#1: start worker processes
2025/05/10 02:01:07 [notice] 1#1: start worker process 27
2025/05/10 02:01:07 [notice] 1#1: start worker process 28
2025/05/10 02:01:07 [notice] 1#1: start worker process 29
2025/05/10 02:01:07 [notice] 1#1: start worker process 30
2025/05/10 02:01:07 [notice] 1#1: start worker process 31
2025/05/10 02:01:07 [notice] 1#1: start worker process 32
2025/05/10 02:01:07 [notice] 1#1: start worker process 33
2025/05/10 02:01:07 [notice] 1#1: start worker process 34
2025/05/10 02:01:07 [notice] 1#1: start worker process 35
2025/05/10 02:01:07 [notice] 1#1: start worker process 36
2025/05/10 02:01:07 [notice] 1#1: start worker process 37
2025/05/10 02:01:07 [notice] 1#1: start worker process 38
2025/05/10 02:01:58 [notice] 1#1: signal 3 (SIGQUIT) received, shutting down
2025/05/10 02:01:58 [notice] 31#31: gracefully shutting down
2025/05/10 02:01:58 [notice] 31#31: exiting
2025/05/10 02:01:58 [notice] 28#28: gracefully shutting down
2025/05/10 02:01:58 [notice] 32#32: gracefully shutting down
2025/05/10 02:01:58 [notice] 32#32: exiting
2025/05/10 02:01:58 [notice] 34#34: gracefully shutting down
2025/05/10 02:01:58 [notice] 34#34: exiting
2025/05/10 02:01:58 [notice] 30#30: gracefully shutting down
2025/05/10 02:01:58 [notice] 29#29: gracefully shutting down
2025/05/10 02:01:58 [notice] 29#29: exiting
2025/05/10 02:01:58 [notice] 27#27: gracefully shutting down
2025/05/10 02:01:58 [notice] 37#37: gracefully shutting down
2025/05/10 02:01:58 [notice] 37#37: exiting
2025/05/10 02:01:58 [notice] 35#35: gracefully shutting down
2025/05/10 02:01:58 [notice] 35#35: exiting
2025/05/10 02:01:58 [notice] 33#33: gracefully shutting down
2025/05/10 02:01:58 [notice] 33#33: exiting
2025/05/10 02:01:58 [notice] 36#36: gracefully shutting down
2025/05/10 02:01:58 [notice] 38#38: gracefully shutting down
2025/05/10 02:01:58 [notice] 38#38: exiting
2025/05/10 02:01:58 [notice] 31#31: exit
2025/05/10 02:01:58 [notice] 32#32: exit
2025/05/10 02:01:58 [notice] 34#34: exit
2025/05/10 02:01:58 [notice] 30#30: exiting
2025/05/10 02:01:58 [notice] 29#29: exit
2025/05/10 02:01:58 [notice] 27#27: exiting
2025/05/10 02:01:58 [notice] 27#27: exit
2025/05/10 02:01:58 [notice] 37#37: exit
2025/05/10 02:01:58 [notice] 35#35: exit
2025/05/10 02:01:58 [notice] 33#33: exit
2025/05/10 02:01:58 [notice] 36#36: exiting
2025/05/10 02:01:58 [notice] 38#38: exit
2025/05/10 02:01:58 [notice] 30#30: exit
2025/05/10 02:01:58 [notice] 36#36: exit
2025/05/10 02:01:58 [notice] 1#1: signal 17 (SIGCHLD) received from 38
2025/05/10 02:01:58 [notice] 1#1: worker process 27 exited with code 0
2025/05/10 02:01:58 [notice] 1#1: worker process 38 exited with code 0
2025/05/10 02:01:58 [notice] 1#1: signal 29 (SIGIO) received
2025/05/10 02:01:58 [notice] 1#1: signal 17 (SIGCHLD) received from 31
2025/05/10 02:01:58 [notice] 1#1: worker process 31 exited with code 0
2025/05/10 02:01:58 [notice] 1#1: worker process 32 exited with code 0
2025/05/10 02:01:58 [notice] 1#1: worker process 34 exited with code 0
2025/05/10 02:01:58 [notice] 1#1: worker process 37 exited with code 0
2025/05/10 02:01:58 [notice] 1#1: signal 29 (SIGIO) received
2025/05/10 02:01:58 [notice] 1#1: signal 17 (SIGCHLD) received from 32
2025/05/10 02:01:58 [notice] 1#1: signal 17 (SIGCHLD) received from 35
2025/05/10 02:01:58 [notice] 1#1: worker process 29 exited with code 0
2025/05/10 02:01:58 [notice] 1#1: worker process 30 exited with code 0
2025/05/10 02:01:58 [notice] 1#1: worker process 33 exited with code 0
2025/05/10 02:01:58 [notice] 1#1: worker process 35 exited with code 0
2025/05/10 02:01:58 [notice] 1#1: signal 29 (SIGIO) received
2025/05/10 02:01:58 [notice] 1#1: signal 17 (SIGCHLD) received from 36
2025/05/10 02:01:58 [notice] 1#1: worker process 36 exited with code 0
2025/05/10 02:01:58 [notice] 1#1: signal 29 (SIGIO) received
2025/05/10 02:02:09 [notice] 1#1: using the "epoll" event method
2025/05/10 02:02:09 [notice] 1#1: nginx/1.27.5
2025/05/10 02:02:09 [notice] 1#1: built by gcc 12.2.0 (Debian 12.2.0-14) 
2025/05/10 02:02:09 [notice] 1#1: OS: Linux 6.12.5-linuxkit
2025/05/10 02:02:09 [notice] 1#1: getrlimit(RLIMIT_NOFILE): 1048576:1048576
2025/05/10 02:02:09 [notice] 1#1: start worker processes
2025/05/10 02:02:09 [notice] 1#1: start worker process 28
2025/05/10 02:02:09 [notice] 1#1: start worker process 29
2025/05/10 02:02:09 [notice] 1#1: start worker process 30
2025/05/10 02:02:09 [notice] 1#1: start worker process 31
2025/05/10 02:02:09 [notice] 1#1: start worker process 32
2025/05/10 02:02:09 [notice] 1#1: start worker process 33
2025/05/10 02:02:09 [notice] 1#1: start worker process 34
2025/05/10 02:02:09 [notice] 1#1: start worker process 35
2025/05/10 02:02:09 [notice] 1#1: start worker process 36
2025/05/10 02:02:09 [notice] 1#1: start worker process 37
2025/05/10 02:02:09 [notice] 1#1: start worker process 38
2025/05/10 02:02:09 [notice] 1#1: start worker process 39
2025/05/10 02:02:37 [notice] 1#1: signal 3 (SIGQUIT) received, shutting down
2025/05/10 02:02:37 [notice] 28#28: gracefully shutting down
2025/05/10 02:02:37 [notice] 33#33: gracefully shutting down
2025/05/10 02:02:37 [notice] 30#30: gracefully shutting down
2025/05/10 02:02:37 [notice] 30#30: exiting
2025/05/10 02:02:37 [notice] 29#29: gracefully shutting down
2025/05/10 02:02:37 [notice] 29#29: exiting
2025/05/10 02:02:37 [notice] 31#31: gracefully shutting down
2025/05/10 02:02:37 [notice] 31#31: exiting
2025/05/10 02:02:37 [notice] 32#32: gracefully shutting down
2025/05/10 02:02:37 [notice] 32#32: exiting
2025/05/10 02:02:37 [notice] 34#34: gracefully shutting down
2025/05/10 02:02:37 [notice] 34#34: exiting
2025/05/10 02:02:37 [notice] 28#28: exiting
2025/05/10 02:02:37 [notice] 35#35: gracefully shutting down
2025/05/10 02:02:37 [notice] 35#35: exiting
2025/05/10 02:02:37 [notice] 36#36: gracefully shutting down
2025/05/10 02:02:37 [notice] 36#36: exiting
2025/05/10 02:02:37 [notice] 37#37: gracefully shutting down
2025/05/10 02:02:37 [notice] 37#37: exiting
2025/05/10 02:02:37 [notice] 39#39: gracefully shutting down
2025/05/10 02:02:37 [notice] 39#39: exiting
2025/05/10 02:02:37 [notice] 38#38: gracefully shutting down
2025/05/10 02:02:37 [notice] 38#38: exiting
2025/05/10 02:02:37 [notice] 33#33: exiting
2025/05/10 02:02:37 [notice] 30#30: exit
2025/05/10 02:02:37 [notice] 29#29: exit
2025/05/10 02:02:37 [notice] 31#31: exit
2025/05/10 02:02:37 [notice] 32#32: exit
2025/05/10 02:02:37 [notice] 34#34: exit
2025/05/10 02:02:37 [notice] 28#28: exit
2025/05/10 02:02:37 [notice] 35#35: exit
2025/05/10 02:02:37 [notice] 36#36: exit
2025/05/10 02:02:37 [notice] 37#37: exit
2025/05/10 02:02:37 [notice] 39#39: exit
2025/05/10 02:02:37 [notice] 38#38: exit
2025/05/10 02:02:37 [notice] 33#33: exit
2025/05/10 02:02:37 [notice] 1#1: signal 17 (SIGCHLD) received from 30
2025/05/10 02:02:37 [notice] 1#1: worker process 30 exited with code 0
2025/05/10 02:02:37 [notice] 1#1: worker process 39 exited with code 0
2025/05/10 02:02:37 [notice] 1#1: signal 29 (SIGIO) received
2025/05/10 02:02:37 [notice] 1#1: signal 17 (SIGCHLD) received from 39
2025/05/10 02:02:37 [notice] 1#1: signal 17 (SIGCHLD) received from 31
2025/05/10 02:02:37 [notice] 1#1: worker process 29 exited with code 0
2025/05/10 02:02:37 [notice] 1#1: worker process 31 exited with code 0
2025/05/10 02:02:37 [notice] 1#1: worker process 35 exited with code 0
2025/05/10 02:02:37 [notice] 1#1: worker process 38 exited with code 0
2025/05/10 02:02:37 [notice] 1#1: signal 29 (SIGIO) received
2025/05/10 02:02:37 [notice] 1#1: signal 17 (SIGCHLD) received from 28
2025/05/10 02:02:37 [notice] 1#1: worker process 28 exited with code 0
2025/05/10 02:02:37 [notice] 1#1: signal 29 (SIGIO) received
2025/05/10 02:02:37 [notice] 1#1: signal 17 (SIGCHLD) received from 37
2025/05/10 02:02:37 [notice] 1#1: worker process 32 exited with code 0
2025/05/10 02:02:37 [notice] 1#1: worker process 33 exited with code 0
2025/05/10 02:02:37 [notice] 1#1: worker process 34 exited with code 0
2025/05/10 02:02:37 [notice] 1#1: worker process 36 exited with code 0
2025/05/10 02:02:37 [notice] 1#1: worker process 37 exited with code 0
2025/05/10 02:02:37 [notice] 1#1: exit
2025/05/10 02:02:46 [notice] 1#1: using the "epoll" event method
2025/05/10 02:02:46 [notice] 1#1: nginx/1.27.5
2025/05/10 02:02:46 [notice] 1#1: built by gcc 12.2.0 (Debian 12.2.0-14) 
2025/05/10 02:02:46 [notice] 1#1: OS: Linux 6.12.5-linuxkit
2025/05/10 02:02:46 [notice] 1#1: getrlimit(RLIMIT_NOFILE): 1048576:1048576
2025/05/10 02:02:46 [notice] 1#1: start worker processes
2025/05/10 02:02:46 [notice] 1#1: start worker process 28
2025/05/10 02:02:46 [notice] 1#1: start worker process 29
2025/05/10 02:02:46 [notice] 1#1: start worker process 30
2025/05/10 02:02:46 [notice] 1#1: start worker process 31
2025/05/10 02:02:46 [notice] 1#1: start worker process 32
2025/05/10 02:02:46 [notice] 1#1: start worker process 33
2025/05/10 02:02:46 [notice] 1#1: start worker process 34
2025/05/10 02:02:46 [notice] 1#1: start worker process 35
2025/05/10 02:02:46 [notice] 1#1: start worker process 36
2025/05/10 02:02:46 [notice] 1#1: start worker process 37
2025/05/10 02:02:46 [notice] 1#1: start worker process 38
2025/05/10 02:02:46 [notice] 1#1: start worker process 39
2025/05/10 03:52:38 [notice] 1#1: signal 3 (SIGQUIT) received, shutting down
2025/05/10 03:52:38 [notice] 29#29: gracefully shutting down
2025/05/10 03:52:38 [notice] 29#29: exiting
2025/05/10 03:52:38 [notice] 35#35: gracefully shutting down
2025/05/10 03:52:38 [notice] 33#33: gracefully shutting down
2025/05/10 03:52:38 [notice] 39#39: gracefully shutting down
2025/05/10 03:52:38 [notice] 29#29: exit
2025/05/10 03:52:38 [notice] 30#30: gracefully shutting down
2025/05/10 03:52:38 [notice] 32#32: gracefully shutting down
2025/05/10 03:52:38 [notice] 34#34: gracefully shutting down
2025/05/10 03:52:38 [notice] 33#33: exiting
2025/05/10 03:52:38 [notice] 31#31: gracefully shutting down
2025/05/10 03:52:38 [notice] 32#32: exiting
2025/05/10 03:52:38 [notice] 38#38: gracefully shutting down
2025/05/10 03:52:38 [notice] 36#36: gracefully shutting down
2025/05/10 03:52:38 [notice] 28#28: gracefully shutting down
2025/05/10 03:52:38 [notice] 39#39: exiting
2025/05/10 03:52:38 [notice] 37#37: gracefully shutting down
2025/05/10 03:52:38 [notice] 35#35: exiting
2025/05/10 03:52:38 [notice] 30#30: exiting
2025/05/10 03:52:38 [notice] 39#39: exit
2025/05/10 03:52:38 [notice] 33#33: exit
2025/05/10 03:52:38 [notice] 32#32: exit
2025/05/10 03:52:38 [notice] 37#37: exiting
2025/05/10 03:52:38 [notice] 34#34: exiting
2025/05/10 03:52:38 [notice] 38#38: exiting
2025/05/10 03:52:38 [notice] 37#37: exit
2025/05/10 03:52:38 [notice] 31#31: exiting
2025/05/10 03:52:38 [notice] 36#36: exiting
2025/05/10 03:52:38 [notice] 28#28: exiting
2025/05/10 03:52:38 [notice] 35#35: exit
2025/05/10 03:52:38 [notice] 28#28: exit
2025/05/10 03:52:38 [notice] 30#30: exit
2025/05/10 03:52:38 [notice] 34#34: exit
2025/05/10 03:52:38 [notice] 38#38: exit
2025/05/10 03:52:38 [notice] 31#31: exit
2025/05/10 03:52:38 [notice] 36#36: exit
2025/05/10 03:52:38 [notice] 1#1: signal 17 (SIGCHLD) received from 38
2025/05/10 03:52:38 [notice] 1#1: worker process 29 exited with code 0
2025/05/10 03:52:38 [notice] 1#1: worker process 30 exited with code 0
2025/05/10 03:52:38 [notice] 1#1: worker process 33 exited with code 0
2025/05/10 03:52:38 [notice] 1#1: worker process 38 exited with code 0
2025/05/10 03:52:38 [notice] 1#1: worker process 39 exited with code 0
2025/05/10 03:52:38 [notice] 1#1: signal 29 (SIGIO) received
2025/05/10 03:52:38 [notice] 1#1: signal 17 (SIGCHLD) received from 31
2025/05/10 03:52:38 [notice] 1#1: worker process 31 exited with code 0
2025/05/10 03:52:38 [notice] 1#1: signal 29 (SIGIO) received
2025/05/10 03:52:38 [notice] 1#1: signal 17 (SIGCHLD) received from 36
2025/05/10 03:52:38 [notice] 1#1: worker process 28 exited with code 0
2025/05/10 03:52:38 [notice] 1#1: worker process 32 exited with code 0
2025/05/10 03:52:38 [notice] 1#1: worker process 35 exited with code 0
2025/05/10 03:52:38 [notice] 1#1: worker process 36 exited with code 0
2025/05/10 03:52:38 [notice] 1#1: signal 29 (SIGIO) received
2025/05/10 03:52:38 [notice] 1#1: signal 17 (SIGCHLD) received from 34
2025/05/10 03:52:38 [notice] 1#1: worker process 34 exited with code 0
2025/05/10 03:52:38 [notice] 1#1: worker process 37 exited with code 0
2025/05/10 03:52:38 [notice] 1#1: exit
2025/06/13 02:16:47 [notice] 1#1: using the "epoll" event method
2025/06/13 02:16:47 [notice] 1#1: nginx/1.27.5
2025/06/13 02:16:47 [notice] 1#1: built by gcc 12.2.0 (Debian 12.2.0-14) 
2025/06/13 02:16:47 [notice] 1#1: OS: Linux 6.12.5-linuxkit
2025/06/13 02:16:47 [notice] 1#1: getrlimit(RLIMIT_NOFILE): 1048576:1048576
2025/06/13 02:16:47 [notice] 1#1: start worker processes
2025/06/13 02:16:47 [notice] 1#1: start worker process 27
2025/06/13 02:16:47 [notice] 1#1: start worker process 28
2025/06/13 02:16:47 [notice] 1#1: start worker process 29
2025/06/13 02:16:47 [notice] 1#1: start worker process 30
2025/06/13 02:16:47 [notice] 1#1: start worker process 31
2025/06/13 02:16:47 [notice] 1#1: start worker process 32
2025/06/13 02:16:47 [notice] 1#1: start worker process 33
2025/06/13 02:16:47 [notice] 1#1: start worker process 34
2025/06/13 02:16:47 [notice] 1#1: start worker process 35
2025/06/13 02:16:47 [notice] 1#1: start worker process 36
2025/06/13 02:16:47 [notice] 1#1: start worker process 37
2025/06/13 02:16:47 [notice] 1#1: start worker process 38
2025/06/13 02:22:42 [notice] 1#1: signal 3 (SIGQUIT) received, shutting down
2025/06/13 02:22:42 [notice] 27#27: gracefully shutting down
2025/06/13 02:22:42 [notice] 27#27: exiting
2025/06/13 02:22:42 [notice] 29#29: gracefully shutting down
2025/06/13 02:22:42 [notice] 29#29: exiting
2025/06/13 02:22:42 [notice] 30#30: gracefully shutting down
2025/06/13 02:22:42 [notice] 30#30: exiting
2025/06/13 02:22:42 [notice] 28#28: gracefully shutting down
2025/06/13 02:22:42 [notice] 28#28: exiting
2025/06/13 02:22:42 [notice] 31#31: gracefully shutting down
2025/06/13 02:22:42 [notice] 31#31: exiting
2025/06/13 02:22:42 [notice] 32#32: gracefully shutting down
2025/06/13 02:22:42 [notice] 32#32: exiting
2025/06/13 02:22:42 [notice] 33#33: gracefully shutting down
2025/06/13 02:22:42 [notice] 33#33: exiting
2025/06/13 02:22:42 [notice] 35#35: gracefully shutting down
2025/06/13 02:22:42 [notice] 35#35: exiting
2025/06/13 02:22:42 [notice] 36#36: gracefully shutting down
2025/06/13 02:22:42 [notice] 36#36: exiting
2025/06/13 02:22:42 [notice] 37#37: gracefully shutting down
2025/06/13 02:22:42 [notice] 37#37: exiting
2025/06/13 02:22:42 [notice] 34#34: gracefully shutting down
2025/06/13 02:22:42 [notice] 34#34: exiting
2025/06/13 02:22:42 [notice] 27#27: exit
2025/06/13 02:22:42 [notice] 38#38: gracefully shutting down
2025/06/13 02:22:42 [notice] 29#29: exit
2025/06/13 02:22:42 [notice] 30#30: exit
2025/06/13 02:22:42 [notice] 28#28: exit
2025/06/13 02:22:42 [notice] 31#31: exit
2025/06/13 02:22:42 [notice] 32#32: exit
2025/06/13 02:22:42 [notice] 33#33: exit
2025/06/13 02:22:42 [notice] 35#35: exit
2025/06/13 02:22:42 [notice] 36#36: exit
2025/06/13 02:22:42 [notice] 37#37: exit
2025/06/13 02:22:42 [notice] 34#34: exit
2025/06/13 02:22:42 [notice] 38#38: exiting
2025/06/13 02:22:42 [notice] 38#38: exit
2025/06/13 02:22:42 [notice] 1#1: signal 17 (SIGCHLD) received from 31
2025/06/13 02:22:42 [notice] 1#1: worker process 31 exited with code 0
2025/06/13 02:22:42 [notice] 1#1: signal 29 (SIGIO) received
2025/06/13 02:22:42 [notice] 1#1: signal 17 (SIGCHLD) received from 29
2025/06/13 02:22:42 [notice] 1#1: worker process 29 exited with code 0
2025/06/13 02:22:42 [notice] 1#1: worker process 30 exited with code 0
2025/06/13 02:22:42 [notice] 1#1: signal 29 (SIGIO) received
2025/06/13 02:22:42 [notice] 1#1: signal 17 (SIGCHLD) received from 33
2025/06/13 02:22:42 [notice] 1#1: worker process 27 exited with code 0
2025/06/13 02:22:42 [notice] 1#1: worker process 28 exited with code 0
2025/06/13 02:22:42 [notice] 1#1: worker process 33 exited with code 0
2025/06/13 02:22:42 [notice] 1#1: worker process 34 exited with code 0
2025/06/13 02:22:42 [notice] 1#1: worker process 37 exited with code 0
2025/06/13 02:22:42 [notice] 1#1: signal 29 (SIGIO) received
2025/06/13 02:22:42 [notice] 1#1: signal 17 (SIGCHLD) received from 27
2025/06/13 02:22:42 [notice] 1#1: signal 17 (SIGCHLD) received from 36
2025/06/13 02:22:42 [notice] 1#1: worker process 36 exited with code 0
2025/06/13 02:22:42 [notice] 1#1: signal 29 (SIGIO) received
2025/06/13 02:22:42 [notice] 1#1: signal 17 (SIGCHLD) received from 35
2025/06/13 02:22:42 [notice] 1#1: worker process 32 exited with code 0
2025/06/13 02:22:42 [notice] 1#1: worker process 35 exited with code 0
2025/06/13 02:22:42 [notice] 1#1: worker process 38 exited with code 0
2025/06/13 02:22:42 [notice] 1#1: exit
2025/06/13 02:23:01 [notice] 1#1: using the "epoll" event method
2025/06/13 02:23:01 [notice] 1#1: nginx/1.27.5
2025/06/13 02:23:01 [notice] 1#1: built by gcc 12.2.0 (Debian 12.2.0-14) 
2025/06/13 02:23:01 [notice] 1#1: OS: Linux 6.12.5-linuxkit
2025/06/13 02:23:01 [notice] 1#1: getrlimit(RLIMIT_NOFILE): 1048576:1048576
2025/06/13 02:23:01 [notice] 1#1: start worker processes
2025/06/13 02:23:01 [notice] 1#1: start worker process 28
2025/06/13 02:23:01 [notice] 1#1: start worker process 29
2025/06/13 02:23:01 [notice] 1#1: start worker process 30
2025/06/13 02:23:01 [notice] 1#1: start worker process 31
2025/06/13 02:23:01 [notice] 1#1: start worker process 32
2025/06/13 02:23:01 [notice] 1#1: start worker process 33
2025/06/13 02:23:01 [notice] 1#1: start worker process 34
2025/06/13 02:23:01 [notice] 1#1: start worker process 35
2025/06/13 02:23:01 [notice] 1#1: start worker process 36
2025/06/13 02:23:01 [notice] 1#1: start worker process 37
2025/06/13 02:23:01 [notice] 1#1: start worker process 38
2025/06/13 02:23:01 [notice] 1#1: start worker process 39
2025/06/13 13:27:22 [notice] 1#1: signal 3 (SIGQUIT) received, shutting down
2025/06/13 13:27:22 [notice] 30#30: gracefully shutting down
2025/06/13 13:27:22 [notice] 36#36: gracefully shutting down
2025/06/13 13:27:22 [notice] 29#29: gracefully shutting down
2025/06/13 13:27:22 [notice] 31#31: gracefully shutting down
2025/06/13 13:27:22 [notice] 33#33: gracefully shutting down
2025/06/13 13:27:22 [notice] 28#28: gracefully shutting down
2025/06/13 13:27:22 [notice] 32#32: gracefully shutting down
2025/06/13 13:27:22 [notice] 36#36: exiting
2025/06/13 13:27:22 [notice] 37#37: gracefully shutting down
2025/06/13 13:27:22 [notice] 39#39: gracefully shutting down
2025/06/13 13:27:22 [notice] 35#35: gracefully shutting down
2025/06/13 13:27:22 [notice] 38#38: gracefully shutting down
2025/06/13 13:27:22 [notice] 34#34: gracefully shutting down
2025/06/13 13:27:22 [notice] 30#30: exiting
2025/06/13 13:27:22 [notice] 31#31: exiting
2025/06/13 13:27:22 [notice] 33#33: exiting
2025/06/13 13:27:22 [notice] 39#39: exiting
2025/06/13 13:27:22 [notice] 28#28: exiting
2025/06/13 13:27:22 [notice] 37#37: exiting
2025/06/13 13:27:22 [notice] 32#32: exiting
2025/06/13 13:27:22 [notice] 28#28: exit
2025/06/13 13:27:22 [notice] 29#29: exiting
2025/06/13 13:27:22 [notice] 36#36: exit
2025/06/13 13:27:22 [notice] 31#31: exit
2025/06/13 13:27:22 [notice] 30#30: exit
2025/06/13 13:27:22 [notice] 39#39: exit
2025/06/13 13:27:22 [notice] 34#34: exiting
2025/06/13 13:27:22 [notice] 33#33: exit
2025/06/13 13:27:22 [notice] 38#38: exiting
2025/06/13 13:27:22 [notice] 37#37: exit
2025/06/13 13:27:22 [notice] 32#32: exit
2025/06/13 13:27:22 [notice] 29#29: exit
2025/06/13 13:27:22 [notice] 35#35: exiting
2025/06/13 13:27:22 [notice] 34#34: exit
2025/06/13 13:27:22 [notice] 38#38: exit
2025/06/13 13:27:22 [notice] 35#35: exit
2025/06/13 13:27:22 [notice] 1#1: signal 17 (SIGCHLD) received from 39
2025/06/13 13:27:22 [notice] 1#1: worker process 39 exited with code 0
2025/06/13 13:27:22 [notice] 1#1: signal 29 (SIGIO) received
2025/06/13 13:27:22 [notice] 1#1: signal 17 (SIGCHLD) received from 33
2025/06/13 13:27:22 [notice] 1#1: worker process 33 exited with code 0
2025/06/13 13:27:22 [notice] 1#1: signal 29 (SIGIO) received
2025/06/13 13:27:22 [notice] 1#1: signal 17 (SIGCHLD) received from 28
2025/06/13 13:27:22 [notice] 1#1: worker process 28 exited with code 0
2025/06/13 13:27:22 [notice] 1#1: worker process 30 exited with code 0
2025/06/13 13:27:22 [notice] 1#1: signal 29 (SIGIO) received
2025/06/13 13:27:22 [notice] 1#1: signal 17 (SIGCHLD) received from 30
2025/06/13 13:27:22 [notice] 1#1: signal 17 (SIGCHLD) received from 38
2025/06/13 13:27:22 [notice] 1#1: worker process 36 exited with code 0
2025/06/13 13:27:22 [notice] 1#1: worker process 37 exited with code 0
2025/06/13 13:27:22 [notice] 1#1: worker process 38 exited with code 0
2025/06/13 13:27:22 [notice] 1#1: signal 29 (SIGIO) received
2025/06/13 13:27:22 [notice] 1#1: signal 17 (SIGCHLD) received from 37
2025/06/13 13:27:22 [notice] 1#1: signal 17 (SIGCHLD) received from 31
2025/06/13 13:27:22 [notice] 1#1: worker process 29 exited with code 0
2025/06/13 13:27:22 [notice] 1#1: worker process 31 exited with code 0
2025/06/13 13:27:22 [notice] 1#1: worker process 32 exited with code 0
2025/06/13 13:27:22 [notice] 1#1: worker process 34 exited with code 0
2025/06/13 13:27:22 [notice] 1#1: signal 29 (SIGIO) received
2025/06/13 13:27:22 [notice] 1#1: signal 17 (SIGCHLD) received from 34
2025/06/13 13:27:22 [notice] 1#1: signal 17 (SIGCHLD) received from 35
2025/06/13 13:27:22 [notice] 1#1: worker process 35 exited with code 0
2025/06/13 13:27:22 [notice] 1#1: exit
